<?xml version="1.0" encoding="UTF-8"?>
<testsuite name="com.example.demo.controller.ClientControllerIT" tests="3" skipped="0" failures="0" errors="0" timestamp="2025-12-15T17:15:54.197Z" hostname="BUIO197398270UL" time="7.855">
  <properties/>
  <testcase name="testListarClientes()" classname="com.example.demo.controller.ClientControllerIT" time="5.181"/>
  <testcase name="testCrearCliente()" classname="com.example.demo.controller.ClientControllerIT" time="2.501"/>
  <testcase name="testObtenerClientePorId()" classname="com.example.demo.controller.ClientControllerIT" time="0.163"/>
  <system-out><![CDATA[12:14:57.916 [Test worker] INFO org.springframework.test.context.support.AnnotationConfigContextLoaderUtils -- Could not detect default configuration classes for test class [com.example.demo.controller.ClientControllerIT]: ClientControllerIT does not declare any static, non-private, non-final, nested classes annotated with @Configuration.
12:14:58.298 [Test worker] INFO org.springframework.boot.test.context.SpringBootTestContextBootstrapper -- Found @SpringBootConfiguration com.example.demo.DemoApplication for test class com.example.demo.controller.ClientControllerIT

  .   ____          _            __ _ _
 /\\ / ___'_ __ _ _(_)_ __  __ _ \ \ \ \
( ( )\___ | '_ | '_| | '_ \/ _` | \ \ \ \
 \\/  ___)| |_)| | | | | || (_| |  ) ) ) )
  '  |____| .__|_| |_|_| |_\__, | / / / /
 =========|_|==============|___/=/_/_/_/
 :: Spring Boot ::                (v3.2.0)

2025-12-15 12:14:59 - Starting ClientControllerIT using Java 21.0.9 with PID 46608 (started by nromeror in C:\Users\nromeror\OneDrive - Banco Pichincha C.A\Escritorio\BP_NR\Chapter_Conocimiento_Dikson\Taller_03_Pruebas_No_Funcionales)
2025-12-15 12:14:59 - Running with Spring Boot v3.2.0, Spring v6.1.1
2025-12-15 12:14:59 - No active profile set, falling back to 1 default profile: "default"
2025-12-15 12:15:02 - Refreshing org.springframework.web.context.support.GenericWebApplicationContext@11a00961
2025-12-15 12:15:10 - Bootstrapping Spring Data JPA repositories in DEFAULT mode.
2025-12-15 12:15:10 - Finished Spring Data repository scanning in 389 ms. Found 1 JPA repository interface.
2025-12-15 12:15:14 - HHH000204: Processing PersistenceUnitInfo [name: default]
2025-12-15 12:15:14 - HHH000412: Hibernate ORM core version 6.3.1.Final
2025-12-15 12:15:14 - HHH000026: Second-level cache disabled
2025-12-15 12:15:22 - No LoadTimeWeaver setup: ignoring JPA class transformer
2025-12-15 12:15:25 - HikariPool-1 - Starting...
2025-12-15 12:15:28 - HikariPool-1 - Added connection conn0: url=jdbc:h2:mem:clientesdb user=SA
2025-12-15 12:15:28 - HikariPool-1 - Start completed.
2025-12-15 12:15:29 - HHH90000025: H2Dialect does not need to be specified explicitly using 'hibernate.dialect' (remove the property setting and it will be selected by default)
2025-12-15 12:15:48 - HHH000489: No JTA platform available (set 'hibernate.transaction.jta.platform' to enable JTA platform integration)
2025-12-15 12:15:48 - 
    drop table if exists clientes cascade 
Hibernate: 
    drop table if exists clientes cascade 
2025-12-15 12:15:48 - 
    create table clientes (
        activo boolean,
        fecha_registro timestamp(6) not null,
        id bigint generated by default as identity,
        telefono varchar(15),
        nombre varchar(100) not null unique,
        email varchar(255) unique,
        primary key (id)
    )
Hibernate: 
    create table clientes (
        activo boolean,
        fecha_registro timestamp(6) not null,
        id bigint generated by default as identity,
        telefono varchar(15),
        nombre varchar(100) not null unique,
        email varchar(255) unique,
        primary key (id)
    )
2025-12-15 12:15:48 - Initialized JPA EntityManagerFactory for persistence unit 'default'
2025-12-15 12:15:50 - spring.jpa.open-in-view is enabled by default. Therefore, database queries may be performed during view rendering. Explicitly configure spring.jpa.open-in-view to disable this warning
2025-12-15 12:15:51 - 9 mappings in 'requestMappingHandlerMapping'
2025-12-15 12:15:51 - Patterns [/webjars/**, /**] in 'resourceHandlerMapping'
2025-12-15 12:15:52 - ControllerAdvice beans: 0 @ModelAttribute, 0 @InitBinder, 1 RequestBodyAdvice, 1 ResponseBodyAdvice
2025-12-15 12:15:52 - ControllerAdvice beans: 1 @ExceptionHandler, 1 ResponseBodyAdvice
2025-12-15 12:15:52 - H2 console available at '/h2-console'. Database available at 'jdbc:h2:mem:clientesdb'
2025-12-15 12:15:53 - Initializing Spring TestDispatcherServlet ''
2025-12-15 12:15:53 - Initializing Servlet ''
2025-12-15 12:15:53 - Completed initialization in 3 ms
2025-12-15 12:15:54 - Started ClientControllerIT in 55.263 seconds (process running for 58.647)
2025-12-15 12:15:57 - Mapped to com.example.demo.controller.ClienteController#listar()
2025-12-15 12:15:57 - GET /api/v1/clientes - Listar todos los clientes
2025-12-15 12:15:57 - Listando todos los clientes activos
2025-12-15 12:15:57 - 
    select
        c1_0.id,
        c1_0.activo,
        c1_0.email,
        c1_0.fecha_registro,
        c1_0.nombre,
        c1_0.telefono 
    from
        clientes c1_0 
    where
        c1_0.activo=?
Hibernate: 
    select
        c1_0.id,
        c1_0.activo,
        c1_0.email,
        c1_0.fecha_registro,
        c1_0.nombre,
        c1_0.telefono 
    from
        clientes c1_0 
    where
        c1_0.activo=?
2025-12-15 12:15:58 - Using 'application/json', given [*/*] and supported [application/json, application/*+json]
2025-12-15 12:15:58 - Writing [[ClienteResponseDTO(id=1, nombre=Carlos Rodríguez, email=carlos@example.com, telefono=0991234567, fe (truncated)...]
2025-12-15 12:15:59 - Mapped to com.example.demo.controller.ClienteController#crear(ClienteRequestDTO)
2025-12-15 12:15:59 - Read "application/json;charset=UTF-8" to [ClienteRequestDTO(nombre=Juan, email=null, telefono=null)]
2025-12-15 12:16:00 - POST /api/v1/clientes - Crear cliente: Juan
2025-12-15 12:16:00 - Creando cliente con nombre: Juan
2025-12-15 12:16:00 - 
    select
        c1_0.id 
    from
        clientes c1_0 
    where
        c1_0.nombre=? 
    fetch
        first ? rows only
Hibernate: 
    select
        c1_0.id 
    from
        clientes c1_0 
    where
        c1_0.nombre=? 
    fetch
        first ? rows only
2025-12-15 12:16:01 - 
    insert 
    into
        clientes
        (activo, email, fecha_registro, nombre, telefono, id) 
    values
        (?, ?, ?, ?, ?, default)
Hibernate: 
    insert 
    into
        clientes
        (activo, email, fecha_registro, nombre, telefono, id) 
    values
        (?, ?, ?, ?, ?, default)
2025-12-15 12:16:01 - Cliente creado exitosamente con id: 6
2025-12-15 12:16:01 - Using 'application/json', given [*/*] and supported [application/json, application/*+json]
2025-12-15 12:16:01 - Writing [ClienteResponseDTO(id=6, nombre=Juan, email=null, telefono=null, fechaRegistro=2025-12-15T12:16:01.2 (truncated)...]
2025-12-15 12:16:01 - Mapped to com.example.demo.controller.ClienteController#crear(ClienteRequestDTO)
2025-12-15 12:16:01 - Read "application/json;charset=UTF-8" to [ClienteRequestDTO(nombre=Maria, email=null, telefono=null)]
2025-12-15 12:16:01 - POST /api/v1/clientes - Crear cliente: Maria
2025-12-15 12:16:01 - Creando cliente con nombre: Maria
2025-12-15 12:16:01 - 
    select
        c1_0.id 
    from
        clientes c1_0 
    where
        c1_0.nombre=? 
    fetch
        first ? rows only
Hibernate: 
    select
        c1_0.id 
    from
        clientes c1_0 
    where
        c1_0.nombre=? 
    fetch
        first ? rows only
2025-12-15 12:16:01 - 
    insert 
    into
        clientes
        (activo, email, fecha_registro, nombre, telefono, id) 
    values
        (?, ?, ?, ?, ?, default)
Hibernate: 
    insert 
    into
        clientes
        (activo, email, fecha_registro, nombre, telefono, id) 
    values
        (?, ?, ?, ?, ?, default)
2025-12-15 12:16:01 - Cliente creado exitosamente con id: 7
2025-12-15 12:16:01 - Using 'application/json', given [*/*] and supported [application/json, application/*+json]
2025-12-15 12:16:01 - Writing [ClienteResponseDTO(id=7, nombre=Maria, email=null, telefono=null, fechaRegistro=2025-12-15T12:16:01. (truncated)...]
2025-12-15 12:16:01 - Mapped to com.example.demo.controller.ClienteController#obtenerPorId(Long)
2025-12-15 12:16:01 - GET /api/v1/clientes/7 - Obtener cliente
2025-12-15 12:16:01 - Buscando cliente con id: 7
2025-12-15 12:16:02 - 
    select
        c1_0.id,
        c1_0.activo,
        c1_0.email,
        c1_0.fecha_registro,
        c1_0.nombre,
        c1_0.telefono 
    from
        clientes c1_0 
    where
        c1_0.id=?
Hibernate: 
    select
        c1_0.id,
        c1_0.activo,
        c1_0.email,
        c1_0.fecha_registro,
        c1_0.nombre,
        c1_0.telefono 
    from
        clientes c1_0 
    where
        c1_0.id=?
2025-12-15 12:16:02 - Using 'application/json', given [*/*] and supported [application/json, application/*+json]
2025-12-15 12:16:02 - Writing [ClienteResponseDTO(id=7, nombre=Maria, email=null, telefono=null, fechaRegistro=2025-12-15T12:16:01. (truncated)...]
]]></system-out>
  <system-err><![CDATA[WARNING: A Java agent has been loaded dynamically (C:\Users\nromeror\.gradle\caches\modules-2\files-2.1\net.bytebuddy\byte-buddy-agent\1.14.10\90ed94ac044ea8953b224304c762316e91fd6b31\byte-buddy-agent-1.14.10.jar)
WARNING: If a serviceability tool is in use, please run with -XX:+EnableDynamicAgentLoading to hide this warning
WARNING: If a serviceability tool is not in use, please run with -Djdk.instrument.traceUsage for more information
WARNING: Dynamic loading of agents will be disallowed by default in a future release
]]></system-err>
</testsuite>
