<?xml version="1.0" encoding="UTF-8"?>
<testsuite name="com.example.demo.ClientE2ETest" tests="3" skipped="0" failures="0" errors="0" timestamp="2025-11-28T17:13:42.563Z" hostname="BUIO197398270UL" time="4.261">
  <properties/>
  <testcase name="listClientsE2E()" classname="com.example.demo.ClientE2ETest" time="3.441"/>
  <testcase name="createAndGetClientE2E()" classname="com.example.demo.ClientE2ETest" time="0.771"/>
  <testcase name="healthEndpointE2E()" classname="com.example.demo.ClientE2ETest" time="0.039"/>
  <system-out><![CDATA[12:13:27.136 [Test worker] INFO org.springframework.test.context.support.AnnotationConfigContextLoaderUtils -- Could not detect default configuration classes for test class [com.example.demo.ClientE2ETest]: ClientE2ETest does not declare any static, non-private, non-final, nested classes annotated with @Configuration.
12:13:27.489 [Test worker] INFO org.springframework.boot.test.context.SpringBootTestContextBootstrapper -- Found @SpringBootConfiguration com.example.demo.DemoApplication for test class com.example.demo.ClientE2ETest

  .   ____          _            __ _ _
 /\\ / ___'_ __ _ _(_)_ __  __ _ \ \ \ \
( ( )\___ | '_ | '_| | '_ \/ _` | \ \ \ \
 \\/  ___)| |_)| | | | | || (_| |  ) ) ) )
  '  |____| .__|_| |_|_| |_\__, | / / / /
 =========|_|==============|___/=/_/_/_/
 :: Spring Boot ::                (v3.2.0)

2025-11-28 12:13:29 - Starting ClientE2ETest using Java 21.0.9 with PID 26352 (started by nromeror in C:\Users\nromeror\OneDrive - Banco Pichincha C.A\Escritorio\BP_NR\Chapter_Conocimiento_Dikson\Taller_Test\Ejercicio_Dos)
2025-11-28 12:13:29 - Running with Spring Boot v3.2.0, Spring v6.1.1
2025-11-28 12:13:29 - No active profile set, falling back to 1 default profile: "default"
2025-11-28 12:13:31 - Bootstrapping Spring Data JPA repositories in DEFAULT mode.
2025-11-28 12:13:31 - Finished Spring Data repository scanning in 165 ms. Found 1 JPA repository interface.
2025-11-28 12:13:33 - Tomcat initialized with port 0 (http)
2025-11-28 12:13:33 - Starting service [Tomcat]
2025-11-28 12:13:33 - Starting Servlet engine: [Apache Tomcat/10.1.16]
2025-11-28 12:13:33 - Initializing Spring embedded WebApplicationContext
2025-11-28 12:13:33 - Root WebApplicationContext: initialization completed in 3712 ms
2025-11-28 12:13:33 - HikariPool-1 - Starting...
2025-11-28 12:13:34 - HikariPool-1 - Added connection conn0: url=jdbc:h2:mem:clientesdb user=SA
2025-11-28 12:13:34 - HikariPool-1 - Start completed.
2025-11-28 12:13:34 - H2 console available at '/h2-console'. Database available at 'jdbc:h2:mem:clientesdb'
2025-11-28 12:13:36 - HHH000204: Processing PersistenceUnitInfo [name: default]
2025-11-28 12:13:37 - HHH000412: Hibernate ORM core version 6.3.1.Final
2025-11-28 12:13:37 - HHH000026: Second-level cache disabled
2025-11-28 12:13:37 - No LoadTimeWeaver setup: ignoring JPA class transformer
2025-11-28 12:13:38 - HHH90000025: H2Dialect does not need to be specified explicitly using 'hibernate.dialect' (remove the property setting and it will be selected by default)
2025-11-28 12:13:40 - HHH000489: No JTA platform available (set 'hibernate.transaction.jta.platform' to enable JTA platform integration)
2025-11-28 12:13:40 - 
    drop table if exists clientes cascade 
Hibernate: 
    drop table if exists clientes cascade 
2025-11-28 12:13:40 - 
    create table clientes (
        activo boolean,
        fecha_registro timestamp(6) not null,
        id bigint generated by default as identity,
        telefono varchar(15),
        nombre varchar(100) not null unique,
        email varchar(255) unique,
        primary key (id)
    )
Hibernate: 
    create table clientes (
        activo boolean,
        fecha_registro timestamp(6) not null,
        id bigint generated by default as identity,
        telefono varchar(15),
        nombre varchar(100) not null unique,
        email varchar(255) unique,
        primary key (id)
    )
2025-11-28 12:13:40 - Initialized JPA EntityManagerFactory for persistence unit 'default'
2025-11-28 12:13:41 - spring.jpa.open-in-view is enabled by default. Therefore, database queries may be performed during view rendering. Explicitly configure spring.jpa.open-in-view to disable this warning
2025-11-28 12:13:41 - 9 mappings in 'requestMappingHandlerMapping'
2025-11-28 12:13:41 - Patterns [/webjars/**, /**] in 'resourceHandlerMapping'
2025-11-28 12:13:41 - ControllerAdvice beans: 0 @ModelAttribute, 0 @InitBinder, 1 RequestBodyAdvice, 1 ResponseBodyAdvice
2025-11-28 12:13:41 - ControllerAdvice beans: 1 @ExceptionHandler, 1 ResponseBodyAdvice
2025-11-28 12:13:42 - Tomcat started on port 63990 (http) with context path ''
2025-11-28 12:13:42 - Started ClientE2ETest in 14.546 seconds (process running for 18.322)
2025-11-28 12:13:44 - HTTP GET http://localhost:63990/api/v1/clientes
2025-11-28 12:13:44 - Accept=[application/json, application/*+json]
2025-11-28 12:13:45 - Initializing Spring DispatcherServlet 'dispatcherServlet'
2025-11-28 12:13:45 - Initializing Servlet 'dispatcherServlet'
2025-11-28 12:13:45 - Detected StandardServletMultipartResolver
2025-11-28 12:13:45 - Detected AcceptHeaderLocaleResolver
2025-11-28 12:13:45 - Detected FixedThemeResolver
2025-11-28 12:13:45 - Detected org.springframework.web.servlet.view.DefaultRequestToViewNameTranslator@3bd5dff5
2025-11-28 12:13:45 - Detected org.springframework.web.servlet.support.SessionFlashMapManager@1d397e87
2025-11-28 12:13:45 - enableLoggingRequestDetails='false': request parameters and headers will be masked to prevent unsafe logging of potentially sensitive data
2025-11-28 12:13:45 - Completed initialization in 2 ms
2025-11-28 12:13:45 - GET "/api/v1/clientes", parameters={}
2025-11-28 12:13:45 - Mapped to com.example.demo.controller.ClienteController#listar()
2025-11-28 12:13:45 - GET /api/v1/clientes - Listar todos los clientes
2025-11-28 12:13:45 - Listando todos los clientes activos
2025-11-28 12:13:45 - 
    select
        c1_0.id,
        c1_0.activo,
        c1_0.email,
        c1_0.fecha_registro,
        c1_0.nombre,
        c1_0.telefono 
    from
        clientes c1_0 
    where
        c1_0.activo=?
Hibernate: 
    select
        c1_0.id,
        c1_0.activo,
        c1_0.email,
        c1_0.fecha_registro,
        c1_0.nombre,
        c1_0.telefono 
    from
        clientes c1_0 
    where
        c1_0.activo=?
2025-11-28 12:13:45 - Using 'application/json', given [application/json, application/*+json] and supported [application/json, application/*+json]
2025-11-28 12:13:45 - Writing [[ClienteResponseDTO(id=1, nombre=Carlos Rodríguez, email=carlos@example.com, telefono=0991234567, fe (truncated)...]
2025-11-28 12:13:45 - Response 200 OK
2025-11-28 12:13:45 - Completed 200 OK
2025-11-28 12:13:45 - Reading to [com.example.demo.model.dto.ClienteResponseDTO[]]
2025-11-28 12:13:46 - HTTP POST http://localhost:63990/api/v1/clientes
2025-11-28 12:13:46 - Accept=[application/json, application/*+json]
2025-11-28 12:13:46 - Writing [ClienteRequestDTO(nombre=E2E Juan, email=null, telefono=null)] with org.springframework.http.converter.json.MappingJackson2HttpMessageConverter
2025-11-28 12:13:46 - POST "/api/v1/clientes", parameters={}
2025-11-28 12:13:46 - Mapped to com.example.demo.controller.ClienteController#crear(ClienteRequestDTO)
2025-11-28 12:13:46 - Read "application/json;charset=UTF-8" to [ClienteRequestDTO(nombre=E2E Juan, email=null, telefono=null)]
2025-11-28 12:13:46 - POST /api/v1/clientes - Crear cliente: E2E Juan
2025-11-28 12:13:46 - Creando cliente con nombre: E2E Juan
2025-11-28 12:13:46 - 
    select
        c1_0.id 
    from
        clientes c1_0 
    where
        c1_0.nombre=? 
    fetch
        first ? rows only
Hibernate: 
    select
        c1_0.id 
    from
        clientes c1_0 
    where
        c1_0.nombre=? 
    fetch
        first ? rows only
2025-11-28 12:13:46 - 
    insert 
    into
        clientes
        (activo, email, fecha_registro, nombre, telefono, id) 
    values
        (?, ?, ?, ?, ?, default)
Hibernate: 
    insert 
    into
        clientes
        (activo, email, fecha_registro, nombre, telefono, id) 
    values
        (?, ?, ?, ?, ?, default)
2025-11-28 12:13:46 - Cliente creado exitosamente con id: 6
2025-11-28 12:13:46 - Using 'application/json', given [application/json, application/*+json] and supported [application/json, application/*+json]
2025-11-28 12:13:46 - Writing [ClienteResponseDTO(id=6, nombre=E2E Juan, email=null, telefono=null, fechaRegistro=2025-11-28T12:13: (truncated)...]
2025-11-28 12:13:46 - Response 201 CREATED
2025-11-28 12:13:46 - Reading to [com.example.demo.model.dto.ClienteResponseDTO]
2025-11-28 12:13:46 - Completed 201 CREATED
2025-11-28 12:13:46 - HTTP GET http://localhost:63990/api/v1/clientes/6
2025-11-28 12:13:46 - Accept=[application/json, application/*+json]
2025-11-28 12:13:46 - GET "/api/v1/clientes/6", parameters={}
2025-11-28 12:13:46 - Mapped to com.example.demo.controller.ClienteController#obtenerPorId(Long)
2025-11-28 12:13:46 - GET /api/v1/clientes/6 - Obtener cliente
2025-11-28 12:13:46 - Buscando cliente con id: 6
2025-11-28 12:13:46 - 
    select
        c1_0.id,
        c1_0.activo,
        c1_0.email,
        c1_0.fecha_registro,
        c1_0.nombre,
        c1_0.telefono 
    from
        clientes c1_0 
    where
        c1_0.id=?
Hibernate: 
    select
        c1_0.id,
        c1_0.activo,
        c1_0.email,
        c1_0.fecha_registro,
        c1_0.nombre,
        c1_0.telefono 
    from
        clientes c1_0 
    where
        c1_0.id=?
2025-11-28 12:13:46 - Using 'application/json', given [application/json, application/*+json] and supported [application/json, application/*+json]
2025-11-28 12:13:46 - Writing [ClienteResponseDTO(id=6, nombre=E2E Juan, email=null, telefono=null, fechaRegistro=2025-11-28T12:13: (truncated)...]
2025-11-28 12:13:46 - Response 200 OK
2025-11-28 12:13:46 - Reading to [com.example.demo.model.dto.ClienteResponseDTO]
2025-11-28 12:13:46 - Completed 200 OK
2025-11-28 12:13:46 - HTTP GET http://localhost:63990/api/v1/clientes/health
2025-11-28 12:13:46 - Accept=[text/plain, application/json, application/*+json, */*]
2025-11-28 12:13:46 - GET "/api/v1/clientes/health", parameters={}
2025-11-28 12:13:46 - Mapped to com.example.demo.controller.ClienteController#health()
2025-11-28 12:13:46 - Using 'text/plain', given [text/plain, application/json, application/*+json, */*] and supported [text/plain, */*, application/json, application/*+json]
2025-11-28 12:13:46 - Writing ["Cliente Service is UP"]
2025-11-28 12:13:46 - Completed 200 OK
2025-11-28 12:13:46 - Response 200 OK
2025-11-28 12:13:46 - Reading to [java.lang.String] as "text/plain;charset=UTF-8"
]]></system-out>
  <system-err><![CDATA[WARNING: A Java agent has been loaded dynamically (C:\Users\nromeror\.gradle\caches\modules-2\files-2.1\net.bytebuddy\byte-buddy-agent\1.14.10\90ed94ac044ea8953b224304c762316e91fd6b31\byte-buddy-agent-1.14.10.jar)
WARNING: If a serviceability tool is in use, please run with -XX:+EnableDynamicAgentLoading to hide this warning
WARNING: If a serviceability tool is not in use, please run with -Djdk.instrument.traceUsage for more information
WARNING: Dynamic loading of agents will be disallowed by default in a future release
]]></system-err>
</testsuite>
