<?xml version="1.0" encoding="UTF-8"?>
<testsuite name="com.example.demo.service.ClientServiceTest" tests="7" skipped="0" failures="0" errors="0" timestamp="2025-11-28T17:13:49.729Z" hostname="BUIO197398270UL" time="0.722">
  <properties/>
  <testcase name="testEliminarPermanente()" classname="com.example.demo.service.ClientServiceTest" time="0.592"/>
  <testcase name="testActualizar()" classname="com.example.demo.service.ClientServiceTest" time="0.027"/>
  <testcase name="testObtenerPorNombre()" classname="com.example.demo.service.ClientServiceTest" time="0.015"/>
  <testcase name="testCrear()" classname="com.example.demo.service.ClientServiceTest" time="0.011"/>
  <testcase name="testObtenerPorId()" classname="com.example.demo.service.ClientServiceTest" time="0.009"/>
  <testcase name="testEliminar()" classname="com.example.demo.service.ClientServiceTest" time="0.011"/>
  <testcase name="testListar()" classname="com.example.demo.service.ClientServiceTest" time="0.024"/>
  <system-out><![CDATA[]]></system-out>
  <system-err><![CDATA[]]></system-err>
</testsuite>
