<?xml version="1.0" encoding="UTF-8"?>
<testsuite name="com.example.demo.controller.ClientControllerIT" tests="3" skipped="0" failures="0" errors="0" timestamp="2025-11-28T17:13:49.331Z" hostname="BUIO197398270UL" time="0.386">
  <properties/>
  <testcase name="testListarClientes()" classname="com.example.demo.controller.ClientControllerIT" time="0.212"/>
  <testcase name="testCrearCliente()" classname="com.example.demo.controller.ClientControllerIT" time="0.075"/>
  <testcase name="testObtenerClientePorId()" classname="com.example.demo.controller.ClientControllerIT" time="0.093"/>
  <system-out><![CDATA[2025-11-28 12:13:46 - Could not detect default configuration classes for test class [com.example.demo.controller.ClientControllerIT]: ClientControllerIT does not declare any static, non-private, non-final, nested classes annotated with @Configuration.
2025-11-28 12:13:46 - Found @SpringBootConfiguration com.example.demo.DemoApplication for test class com.example.demo.controller.ClientControllerIT

  .   ____          _            __ _ _
 /\\ / ___'_ __ _ _(_)_ __  __ _ \ \ \ \
( ( )\___ | '_ | '_| | '_ \/ _` | \ \ \ \
 \\/  ___)| |_)| | | | | || (_| |  ) ) ) )
  '  |____| .__|_| |_|_| |_\__, | / / / /
 =========|_|==============|___/=/_/_/_/
 :: Spring Boot ::                (v3.2.0)

2025-11-28 12:13:47 - Starting ClientControllerIT using Java 21.0.9 with PID 26352 (started by nromeror in C:\Users\nromeror\OneDrive - Banco Pichincha C.A\Escritorio\BP_NR\Chapter_Conocimiento_Dikson\Taller_Test\Ejercicio_Dos)
2025-11-28 12:13:47 - Running with Spring Boot v3.2.0, Spring v6.1.1
2025-11-28 12:13:47 - No active profile set, falling back to 1 default profile: "default"
2025-11-28 12:13:47 - Refreshing org.springframework.web.context.support.GenericWebApplicationContext@5fc82de5
2025-11-28 12:13:47 - Bootstrapping Spring Data JPA repositories in DEFAULT mode.
2025-11-28 12:13:47 - Finished Spring Data repository scanning in 47 ms. Found 1 JPA repository interface.
2025-11-28 12:13:48 - HHH000204: Processing PersistenceUnitInfo [name: default]
2025-11-28 12:13:48 - HHH000026: Second-level cache disabled
2025-11-28 12:13:48 - No LoadTimeWeaver setup: ignoring JPA class transformer
2025-11-28 12:13:48 - HikariPool-2 - Starting...
2025-11-28 12:13:48 - HikariPool-2 - Added connection conn10: url=jdbc:h2:mem:clientesdb user=SA
2025-11-28 12:13:48 - HikariPool-2 - Start completed.
2025-11-28 12:13:48 - HHH90000025: H2Dialect does not need to be specified explicitly using 'hibernate.dialect' (remove the property setting and it will be selected by default)
2025-11-28 12:13:48 - HHH000489: No JTA platform available (set 'hibernate.transaction.jta.platform' to enable JTA platform integration)
2025-11-28 12:13:48 - 
    drop table if exists clientes cascade 
Hibernate: 
    drop table if exists clientes cascade 
2025-11-28 12:13:48 - 
    create table clientes (
        activo boolean,
        fecha_registro timestamp(6) not null,
        id bigint generated by default as identity,
        telefono varchar(15),
        nombre varchar(100) not null unique,
        email varchar(255) unique,
        primary key (id)
    )
Hibernate: 
    create table clientes (
        activo boolean,
        fecha_registro timestamp(6) not null,
        id bigint generated by default as identity,
        telefono varchar(15),
        nombre varchar(100) not null unique,
        email varchar(255) unique,
        primary key (id)
    )
2025-11-28 12:13:48 - Initialized JPA EntityManagerFactory for persistence unit 'default'
2025-11-28 12:13:48 - spring.jpa.open-in-view is enabled by default. Therefore, database queries may be performed during view rendering. Explicitly configure spring.jpa.open-in-view to disable this warning
2025-11-28 12:13:48 - 9 mappings in 'requestMappingHandlerMapping'
2025-11-28 12:13:48 - Patterns [/webjars/**, /**] in 'resourceHandlerMapping'
2025-11-28 12:13:49 - ControllerAdvice beans: 0 @ModelAttribute, 0 @InitBinder, 1 RequestBodyAdvice, 1 ResponseBodyAdvice
2025-11-28 12:13:49 - ControllerAdvice beans: 1 @ExceptionHandler, 1 ResponseBodyAdvice
2025-11-28 12:13:49 - H2 console available at '/h2-console'. Database available at 'jdbc:h2:mem:clientesdb'
2025-11-28 12:13:49 - Initializing Spring TestDispatcherServlet ''
2025-11-28 12:13:49 - Initializing Servlet ''
2025-11-28 12:13:49 - Completed initialization in 3 ms
2025-11-28 12:13:49 - Started ClientControllerIT in 2.302 seconds (process running for 25.082)
2025-11-28 12:13:49 - Mapped to com.example.demo.controller.ClienteController#listar()
2025-11-28 12:13:49 - GET /api/v1/clientes - Listar todos los clientes
2025-11-28 12:13:49 - Listando todos los clientes activos
2025-11-28 12:13:49 - 
    select
        c1_0.id,
        c1_0.activo,
        c1_0.email,
        c1_0.fecha_registro,
        c1_0.nombre,
        c1_0.telefono 
    from
        clientes c1_0 
    where
        c1_0.activo=?
Hibernate: 
    select
        c1_0.id,
        c1_0.activo,
        c1_0.email,
        c1_0.fecha_registro,
        c1_0.nombre,
        c1_0.telefono 
    from
        clientes c1_0 
    where
        c1_0.activo=?
2025-11-28 12:13:49 - Using 'application/json', given [*/*] and supported [application/json, application/*+json]
2025-11-28 12:13:49 - Writing [[ClienteResponseDTO(id=1, nombre=Carlos Rodríguez, email=carlos@example.com, telefono=0991234567, fe (truncated)...]
2025-11-28 12:13:49 - Mapped to com.example.demo.controller.ClienteController#crear(ClienteRequestDTO)
2025-11-28 12:13:49 - Read "application/json;charset=UTF-8" to [ClienteRequestDTO(nombre=Juan, email=null, telefono=null)]
2025-11-28 12:13:49 - POST /api/v1/clientes - Crear cliente: Juan
2025-11-28 12:13:49 - Creando cliente con nombre: Juan
2025-11-28 12:13:49 - 
    select
        c1_0.id 
    from
        clientes c1_0 
    where
        c1_0.nombre=? 
    fetch
        first ? rows only
Hibernate: 
    select
        c1_0.id 
    from
        clientes c1_0 
    where
        c1_0.nombre=? 
    fetch
        first ? rows only
2025-11-28 12:13:49 - 
    insert 
    into
        clientes
        (activo, email, fecha_registro, nombre, telefono, id) 
    values
        (?, ?, ?, ?, ?, default)
Hibernate: 
    insert 
    into
        clientes
        (activo, email, fecha_registro, nombre, telefono, id) 
    values
        (?, ?, ?, ?, ?, default)
2025-11-28 12:13:49 - Cliente creado exitosamente con id: 6
2025-11-28 12:13:49 - Using 'application/json', given [*/*] and supported [application/json, application/*+json]
2025-11-28 12:13:49 - Writing [ClienteResponseDTO(id=6, nombre=Juan, email=null, telefono=null, fechaRegistro=2025-11-28T12:13:49.5 (truncated)...]
2025-11-28 12:13:49 - Mapped to com.example.demo.controller.ClienteController#crear(ClienteRequestDTO)
2025-11-28 12:13:49 - Read "application/json;charset=UTF-8" to [ClienteRequestDTO(nombre=Maria, email=null, telefono=null)]
2025-11-28 12:13:49 - POST /api/v1/clientes - Crear cliente: Maria
2025-11-28 12:13:49 - Creando cliente con nombre: Maria
2025-11-28 12:13:49 - 
    select
        c1_0.id 
    from
        clientes c1_0 
    where
        c1_0.nombre=? 
    fetch
        first ? rows only
Hibernate: 
    select
        c1_0.id 
    from
        clientes c1_0 
    where
        c1_0.nombre=? 
    fetch
        first ? rows only
2025-11-28 12:13:49 - 
    insert 
    into
        clientes
        (activo, email, fecha_registro, nombre, telefono, id) 
    values
        (?, ?, ?, ?, ?, default)
Hibernate: 
    insert 
    into
        clientes
        (activo, email, fecha_registro, nombre, telefono, id) 
    values
        (?, ?, ?, ?, ?, default)
2025-11-28 12:13:49 - Cliente creado exitosamente con id: 7
2025-11-28 12:13:49 - Using 'application/json', given [*/*] and supported [application/json, application/*+json]
2025-11-28 12:13:49 - Writing [ClienteResponseDTO(id=7, nombre=Maria, email=null, telefono=null, fechaRegistro=2025-11-28T12:13:49. (truncated)...]
2025-11-28 12:13:49 - Mapped to com.example.demo.controller.ClienteController#obtenerPorId(Long)
2025-11-28 12:13:49 - GET /api/v1/clientes/7 - Obtener cliente
2025-11-28 12:13:49 - Buscando cliente con id: 7
2025-11-28 12:13:49 - 
    select
        c1_0.id,
        c1_0.activo,
        c1_0.email,
        c1_0.fecha_registro,
        c1_0.nombre,
        c1_0.telefono 
    from
        clientes c1_0 
    where
        c1_0.id=?
Hibernate: 
    select
        c1_0.id,
        c1_0.activo,
        c1_0.email,
        c1_0.fecha_registro,
        c1_0.nombre,
        c1_0.telefono 
    from
        clientes c1_0 
    where
        c1_0.id=?
2025-11-28 12:13:49 - Using 'application/json', given [*/*] and supported [application/json, application/*+json]
2025-11-28 12:13:49 - Writing [ClienteResponseDTO(id=7, nombre=Maria, email=null, telefono=null, fechaRegistro=2025-11-28T12:13:49. (truncated)...]
]]></system-out>
  <system-err><![CDATA[]]></system-err>
</testsuite>
